{
  "RSpec": {
    "coverage": {
      "/Users/lindahapgood/Coding-Projects/Deloitte-Tech-Test/spec/raindrops_spec.rb": [
        1,
        null,
        1,
        3,
        1,
        1,
        2,
        null,
        null,
        1,
        2,
        null,
        null,
        null
      ],
      "/Users/lindahapgood/Coding-Projects/Deloitte-Tech-Test/lib/raindrops.rb": [
        1,
        1,
        2,
        2,
        null,
        null
      ]
    },
    "timestamp": 1550400466
  }
}
